<?xml version="1.0" encoding="UTF-8"?>
<!-- Generated by org.testng.reporters.JUnitReportReporter -->
<testsuite hostname="DESKTOP-PIRRIS" failures="0" tests="3" name="LoginTests" time="10.834" errors="0" timestamp="2022-05-04T08:36:01 CST" skipped="0">
  <testcase classname="LoginTests" name="wrongUser" time="3.310"/>
  <system-out/>
  <testcase classname="LoginTests" name="validLogin" time="4.215"/>
  <system-out/>
  <testcase classname="LoginTests" name="wrongPassword" time="3.309"/>
  <system-out/>
</testsuite> <!-- LoginTests -->
